{
  "stats": {
    "suites": 1,
    "tests": 4,
    "passes": 4,
    "pending": 0,
    "failures": 0,
    "start": "2024-11-21T14:17:15.759Z",
    "end": "2024-11-21T14:17:25.626Z",
    "duration": 9867,
    "testsRegistered": 4,
    "passPercent": 100,
    "pendingPercent": 0,
    "other": 0,
    "hasOther": false,
    "skipped": 0,
    "hasSkipped": false
  },
  "results": [
    {
      "uuid": "0d91deba-24f1-4d10-9ff1-f09bcecc5da6",
      "title": "",
      "fullFile": "cypress/e2e/C. main_page.cy.js",
      "file": "cypress/e2e/C. main_page.cy.js",
      "beforeHooks": [],
      "afterHooks": [],
      "tests": [],
      "suites": [
        {
          "uuid": "17b2c374-9841-41e3-81c0-1d332f7fdb54",
          "title": "Main_page",
          "fullFile": "",
          "file": "",
          "beforeHooks": [],
          "afterHooks": [],
          "tests": [
            {
              "title": "Pesquisar produto disponível",
              "fullTitle": "Main_page Pesquisar produto disponível",
              "timedOut": null,
              "duration": 5140,
              "state": "passed",
              "speed": "medium",
              "pass": true,
              "fail": false,
              "pending": false,
              "context": null,
              "code": "cy.visit('http://localhost:3000/#/search');\ncy.get('mat-icon').contains('search').click();\ncy.pesquisar('banana');\ncy.contains(/banana/i).should('be.visible');",
              "err": {},
              "uuid": "ed137909-f793-447e-abf8-8f84e3c56419",
              "parentUUID": "17b2c374-9841-41e3-81c0-1d332f7fdb54",
              "isHook": false,
              "skipped": false
            },
            {
              "title": "Pesquisar produto indisponível",
              "fullTitle": "Main_page Pesquisar produto indisponível",
              "timedOut": null,
              "duration": 356,
              "state": "passed",
              "speed": "fast",
              "pass": true,
              "fail": false,
              "pending": false,
              "context": null,
              "code": "cy.visit('http://localhost:3000/#/search');\ncy.pesquisar('ovo');\ncy.contains('span.noResultText', 'No results found').should('be.visible');",
              "err": {},
              "uuid": "1edf2139-db61-48a1-8232-5cce92ec961c",
              "parentUUID": "17b2c374-9841-41e3-81c0-1d332f7fdb54",
              "isHook": false,
              "skipped": false
            },
            {
              "title": "Adicionar item ao carrinho",
              "fullTitle": "Main_page Adicionar item ao carrinho",
              "timedOut": null,
              "duration": 719,
              "state": "passed",
              "speed": "fast",
              "pass": true,
              "fail": false,
              "pending": false,
              "context": null,
              "code": "cy.visit('http://localhost:3000/#/product-page');\nconst productName = 'Apple Pomace';\ncy.ColocandoProdutoCarrinho(productName);\ncy.get('button[aria-label=\"Show the shopping cart\"]').click();\ncy.get('mat-row').contains(productName).should('be.visible');",
              "err": {},
              "uuid": "723e4fb8-91b8-404f-bfbc-67f3177adf06",
              "parentUUID": "17b2c374-9841-41e3-81c0-1d332f7fdb54",
              "isHook": false,
              "skipped": false
            },
            {
              "title": "Deve abrir os detalhes do produto ao clicar na imagem dele",
              "fullTitle": "Main_page Deve abrir os detalhes do produto ao clicar na imagem dele",
              "timedOut": null,
              "duration": 594,
              "state": "passed",
              "speed": "fast",
              "pass": true,
              "fail": false,
              "pending": false,
              "context": null,
              "code": "cy.visit('http://localhost:3000/#/product-page');\nconst productName = 'Apple Pomace';\ncy.detalhesProduto(productName);",
              "err": {},
              "uuid": "a5f52507-a5f5-43e9-8589-1310e1268897",
              "parentUUID": "17b2c374-9841-41e3-81c0-1d332f7fdb54",
              "isHook": false,
              "skipped": false
            }
          ],
          "suites": [],
          "passes": [
            "ed137909-f793-447e-abf8-8f84e3c56419",
            "1edf2139-db61-48a1-8232-5cce92ec961c",
            "723e4fb8-91b8-404f-bfbc-67f3177adf06",
            "a5f52507-a5f5-43e9-8589-1310e1268897"
          ],
          "failures": [],
          "pending": [],
          "skipped": [],
          "duration": 6809,
          "root": false,
          "rootEmpty": false,
          "_timeout": 2000
        }
      ],
      "passes": [],
      "failures": [],
      "pending": [],
      "skipped": [],
      "duration": 0,
      "root": true,
      "rootEmpty": true,
      "_timeout": 2000
    }
  ],
  "meta": {
    "mocha": {
      "version": "7.0.1"
    },
    "mochawesome": {
      "options": {
        "quiet": false,
        "reportFilename": "mochawesome",
        "saveHtml": true,
        "saveJson": true,
        "consoleReporter": "spec",
        "useInlineDiffs": false,
        "code": true
      },
      "version": "7.1.3"
    },
    "marge": {
      "options": {
        "reportDir": "cypress/results",
        "overwrite": false,
        "html": true,
        "json": true,
        "timestamp": "mmddyyyy_HHMMss"
      },
      "version": "6.2.0"
    }
  }
}