{
  "stats": {
    "suites": 1,
    "tests": 3,
    "passes": 3,
    "pending": 0,
    "failures": 0,
    "start": "2024-11-21T14:18:04.190Z",
    "end": "2024-11-21T14:18:12.643Z",
    "duration": 8453,
    "testsRegistered": 3,
    "passPercent": 100,
    "pendingPercent": 0,
    "other": 0,
    "hasOther": false,
    "skipped": 0,
    "hasSkipped": false
  },
  "results": [
    {
      "uuid": "513ddada-6ee7-48e7-b902-0fa0d1040fc3",
      "title": "",
      "fullFile": "cypress/e2e/F. carrinho.cy.js",
      "file": "cypress/e2e/F. carrinho.cy.js",
      "beforeHooks": [],
      "afterHooks": [],
      "tests": [],
      "suites": [
        {
          "uuid": "432e3031-c625-4678-be98-ab0434f9c84a",
          "title": "Carrinho",
          "fullFile": "",
          "file": "",
          "beforeHooks": [],
          "afterHooks": [],
          "tests": [
            {
              "title": "O item deve ser colocado no carrinho",
              "fullTitle": "Carrinho O item deve ser colocado no carrinho",
              "timedOut": null,
              "duration": 5008,
              "state": "passed",
              "speed": "medium",
              "pass": true,
              "fail": false,
              "pending": false,
              "context": null,
              "code": "cy.visit('http://localhost:3000/#/search');\ncy.ColocandoProdutoCarrinho(productName);\ncy.contains('span', 'Your Basket').click();\ncy.get('mat-cell').contains(productName).should('exist');",
              "err": {},
              "uuid": "aa68f4f0-9b30-43ce-b786-5fd86e6a54a4",
              "parentUUID": "432e3031-c625-4678-be98-ab0434f9c84a",
              "isHook": false,
              "skipped": false
            },
            {
              "title": "Aumentar um item do carrinho",
              "fullTitle": "Carrinho Aumentar um item do carrinho",
              "timedOut": null,
              "duration": 181,
              "state": "passed",
              "speed": "fast",
              "pass": true,
              "fail": false,
              "pending": false,
              "context": null,
              "code": "cy.visit('http://localhost:3000/#/basket');\ncy.quantidadeProduto(productName, 1); /*/\n                                      cy.contains('mat-row', productName).should('exist').within(() => {\n                                      cy.get('button.mat-icon-button').eq(1).click(); */",
              "err": {},
              "uuid": "a9e90a8e-b65d-466d-84bc-ed08f24858a4",
              "parentUUID": "432e3031-c625-4678-be98-ab0434f9c84a",
              "isHook": false,
              "skipped": false
            },
            {
              "title": "Diminuir um item do carrinho",
              "fullTitle": "Carrinho Diminuir um item do carrinho",
              "timedOut": null,
              "duration": 179,
              "state": "passed",
              "speed": "fast",
              "pass": true,
              "fail": false,
              "pending": false,
              "context": null,
              "code": "cy.visit('http://localhost:3000/#/basket');\ncy.contains('mat-row', productName).should('exist').within(() => {\n  cy.get('button.mat-icon-button').eq(0).click();\n});",
              "err": {},
              "uuid": "2273a546-a0de-4d3e-8130-2a477de5ab39",
              "parentUUID": "432e3031-c625-4678-be98-ab0434f9c84a",
              "isHook": false,
              "skipped": false
            }
          ],
          "suites": [],
          "passes": [
            "aa68f4f0-9b30-43ce-b786-5fd86e6a54a4",
            "a9e90a8e-b65d-466d-84bc-ed08f24858a4",
            "2273a546-a0de-4d3e-8130-2a477de5ab39"
          ],
          "failures": [],
          "pending": [],
          "skipped": [],
          "duration": 5368,
          "root": false,
          "rootEmpty": false,
          "_timeout": 2000
        }
      ],
      "passes": [],
      "failures": [],
      "pending": [],
      "skipped": [],
      "duration": 0,
      "root": true,
      "rootEmpty": true,
      "_timeout": 2000
    }
  ],
  "meta": {
    "mocha": {
      "version": "7.0.1"
    },
    "mochawesome": {
      "options": {
        "quiet": false,
        "reportFilename": "mochawesome",
        "saveHtml": true,
        "saveJson": true,
        "consoleReporter": "spec",
        "useInlineDiffs": false,
        "code": true
      },
      "version": "7.1.3"
    },
    "marge": {
      "options": {
        "reportDir": "cypress/results",
        "overwrite": false,
        "html": true,
        "json": true,
        "timestamp": "mmddyyyy_HHMMss"
      },
      "version": "6.2.0"
    }
  }
}