{
  "stats": {
    "suites": 1,
    "tests": 2,
    "passes": 2,
    "pending": 0,
    "failures": 0,
    "start": "2024-11-21T14:17:02.469Z",
    "end": "2024-11-21T14:17:10.895Z",
    "duration": 8426,
    "testsRegistered": 2,
    "passPercent": 100,
    "pendingPercent": 0,
    "other": 0,
    "hasOther": false,
    "skipped": 0,
    "hasSkipped": false
  },
  "results": [
    {
      "uuid": "7602fa45-f4d3-4875-9467-3604187e5bd8",
      "title": "",
      "fullFile": "cypress/e2e/B. login.cy.js",
      "file": "cypress/e2e/B. login.cy.js",
      "beforeHooks": [],
      "afterHooks": [],
      "tests": [],
      "suites": [
        {
          "uuid": "16e31e6d-cf3f-4f02-8371-15d17a2379f4",
          "title": "Login",
          "fullFile": "",
          "file": "",
          "beforeHooks": [],
          "afterHooks": [],
          "tests": [
            {
              "title": "Login Valido",
              "fullTitle": "Login Login Valido",
              "timedOut": null,
              "duration": 4059,
              "state": "passed",
              "speed": "fast",
              "pass": true,
              "fail": false,
              "pending": false,
              "context": null,
              "code": "cy.visit('http://localhost:3000/#/login');\ncy.DesativarCookies();\ncy.realizarLogin('palico8386@operades.com', '124578');\ncy.contains('div', 'All Products').should('be.visible');",
              "err": {},
              "uuid": "780b950b-8c57-48c9-b6f8-56ba2aba3a01",
              "parentUUID": "16e31e6d-cf3f-4f02-8371-15d17a2379f4",
              "isHook": false,
              "skipped": false
            },
            {
              "title": "Login Invalido",
              "fullTitle": "Login Login Invalido",
              "timedOut": null,
              "duration": 1321,
              "state": "passed",
              "speed": "fast",
              "pass": true,
              "fail": false,
              "pending": false,
              "context": null,
              "code": "cy.visit('http://localhost:3000/#/login');\ncy.realizarLogin('erro@inikale.com', '1836224481');\ncy.get('.error.ng-star-inserted').should('contain.text', 'Invalid email or password.');",
              "err": {},
              "uuid": "42b9c1f3-930d-40f9-9c1f-2a2798eb05a5",
              "parentUUID": "16e31e6d-cf3f-4f02-8371-15d17a2379f4",
              "isHook": false,
              "skipped": false
            }
          ],
          "suites": [],
          "passes": [
            "780b950b-8c57-48c9-b6f8-56ba2aba3a01",
            "42b9c1f3-930d-40f9-9c1f-2a2798eb05a5"
          ],
          "failures": [],
          "pending": [],
          "skipped": [],
          "duration": 5380,
          "root": false,
          "rootEmpty": false,
          "_timeout": 2000
        }
      ],
      "passes": [],
      "failures": [],
      "pending": [],
      "skipped": [],
      "duration": 0,
      "root": true,
      "rootEmpty": true,
      "_timeout": 2000
    }
  ],
  "meta": {
    "mocha": {
      "version": "7.0.1"
    },
    "mochawesome": {
      "options": {
        "quiet": false,
        "reportFilename": "mochawesome",
        "saveHtml": true,
        "saveJson": true,
        "consoleReporter": "spec",
        "useInlineDiffs": false,
        "code": true
      },
      "version": "7.1.3"
    },
    "marge": {
      "options": {
        "reportDir": "cypress/results",
        "overwrite": false,
        "html": true,
        "json": true,
        "timestamp": "mmddyyyy_HHMMss"
      },
      "version": "6.2.0"
    }
  }
}