{
  "stats": {
    "suites": 1,
    "tests": 9,
    "passes": 9,
    "pending": 0,
    "failures": 0,
    "start": "2024-11-21T13:26:00.022Z",
    "end": "2024-11-21T13:26:13.035Z",
    "duration": 13013,
    "testsRegistered": 9,
    "passPercent": 100,
    "pendingPercent": 0,
    "other": 0,
    "hasOther": false,
    "skipped": 0,
    "hasSkipped": false
  },
  "results": [
    {
      "uuid": "c8a6720d-d9fa-4ebc-b122-5f0d603745d0",
      "title": "",
      "fullFile": "cypress/e2e/D. menu.cy.js",
      "file": "cypress/e2e/D. menu.cy.js",
      "beforeHooks": [],
      "afterHooks": [],
      "tests": [],
      "suites": [
        {
          "uuid": "38fa9870-8766-475c-a147-e5f64de4f192",
          "title": "Menu",
          "fullFile": "",
          "file": "",
          "beforeHooks": [],
          "afterHooks": [],
          "tests": [
            {
              "title": "Abrir Menu",
              "fullTitle": "Menu Abrir Menu",
              "timedOut": null,
              "duration": 4601,
              "state": "passed",
              "speed": "fast",
              "pass": true,
              "fail": false,
              "pending": false,
              "context": null,
              "code": "cy.verificarElementoMenu('menu');",
              "err": {},
              "uuid": "0fbfebe6-df6e-4b69-9370-88c3a2c87849",
              "parentUUID": "38fa9870-8766-475c-a147-e5f64de4f192",
              "isHook": false,
              "skipped": false
            },
            {
              "title": "Verificar \"Contact\"",
              "fullTitle": "Menu Verificar \"Contact\"",
              "timedOut": null,
              "duration": 32,
              "state": "passed",
              "speed": "fast",
              "pass": true,
              "fail": false,
              "pending": false,
              "context": null,
              "code": "cy.verificarElementoMenu('Contact');",
              "err": {},
              "uuid": "eae6c56a-0cae-4963-937a-9367cbfa1e4d",
              "parentUUID": "38fa9870-8766-475c-a147-e5f64de4f192",
              "isHook": false,
              "skipped": false
            },
            {
              "title": "Verificar \"Company\"",
              "fullTitle": "Menu Verificar \"Company\"",
              "timedOut": null,
              "duration": 42,
              "state": "passed",
              "speed": "fast",
              "pass": true,
              "fail": false,
              "pending": false,
              "context": null,
              "code": "cy.verificarElementoMenu('Company');",
              "err": {},
              "uuid": "230b512c-d32d-49d1-a26c-7631f44884fa",
              "parentUUID": "38fa9870-8766-475c-a147-e5f64de4f192",
              "isHook": false,
              "skipped": false
            },
            {
              "title": "Verificar \"Customer Feedback\"",
              "fullTitle": "Menu Verificar \"Customer Feedback\"",
              "timedOut": null,
              "duration": 373,
              "state": "passed",
              "speed": "fast",
              "pass": true,
              "fail": false,
              "pending": false,
              "context": null,
              "code": "cy.verificarElementoMenu('Customer Feedback');",
              "err": {},
              "uuid": "8053d6c3-a3ff-473d-a700-295f17735860",
              "parentUUID": "38fa9870-8766-475c-a147-e5f64de4f192",
              "isHook": false,
              "skipped": false
            },
            {
              "title": "Verificar \"Complaint\"",
              "fullTitle": "Menu Verificar \"Complaint\"",
              "timedOut": null,
              "duration": 689,
              "state": "passed",
              "speed": "fast",
              "pass": true,
              "fail": false,
              "pending": false,
              "context": null,
              "code": "cy.verificarElementoMenu('menu');\ncy.verificarElementoMenu('Complaint');",
              "err": {},
              "uuid": "d8cc1421-f441-46ef-999a-ad4808692893",
              "parentUUID": "38fa9870-8766-475c-a147-e5f64de4f192",
              "isHook": false,
              "skipped": false
            },
            {
              "title": "Verificar \"Support Chat\"",
              "fullTitle": "Menu Verificar \"Support Chat\"",
              "timedOut": null,
              "duration": 719,
              "state": "passed",
              "speed": "fast",
              "pass": true,
              "fail": false,
              "pending": false,
              "context": null,
              "code": "cy.verificarElementoMenu('menu');\ncy.verificarElementoMenu('Support Chat');",
              "err": {},
              "uuid": "92e919dd-aada-4960-af7b-3b6afc971223",
              "parentUUID": "38fa9870-8766-475c-a147-e5f64de4f192",
              "isHook": false,
              "skipped": false
            },
            {
              "title": "Verificar \"About Us\"",
              "fullTitle": "Menu Verificar \"About Us\"",
              "timedOut": null,
              "duration": 690,
              "state": "passed",
              "speed": "fast",
              "pass": true,
              "fail": false,
              "pending": false,
              "context": null,
              "code": "cy.verificarElementoMenu('menu');\ncy.verificarElementoMenu('About Us');",
              "err": {},
              "uuid": "e95fba27-021e-41ab-b883-492af135b7de",
              "parentUUID": "38fa9870-8766-475c-a147-e5f64de4f192",
              "isHook": false,
              "skipped": false
            },
            {
              "title": "Verificar \"Photo Wall\"",
              "fullTitle": "Menu Verificar \"Photo Wall\"",
              "timedOut": null,
              "duration": 929,
              "state": "passed",
              "speed": "fast",
              "pass": true,
              "fail": false,
              "pending": false,
              "context": null,
              "code": "cy.verificarElementoMenu('menu');\ncy.verificarElementoMenu('Photo Wall');",
              "err": {},
              "uuid": "cc5c6b17-dd95-4edd-8c26-fce6462e3b13",
              "parentUUID": "38fa9870-8766-475c-a147-e5f64de4f192",
              "isHook": false,
              "skipped": false
            },
            {
              "title": "Verificar \"Deluxe Membership\"",
              "fullTitle": "Menu Verificar \"Deluxe Membership\"",
              "timedOut": null,
              "duration": 1104,
              "state": "passed",
              "speed": "fast",
              "pass": true,
              "fail": false,
              "pending": false,
              "context": null,
              "code": "cy.verificarElementoMenu('menu');\ncy.verificarElementoMenu('Deluxe Membership');",
              "err": {},
              "uuid": "1d0205bb-fbe5-467d-b3ad-d8d78d74c705",
              "parentUUID": "38fa9870-8766-475c-a147-e5f64de4f192",
              "isHook": false,
              "skipped": false
            }
          ],
          "suites": [],
          "passes": [
            "0fbfebe6-df6e-4b69-9370-88c3a2c87849",
            "eae6c56a-0cae-4963-937a-9367cbfa1e4d",
            "230b512c-d32d-49d1-a26c-7631f44884fa",
            "8053d6c3-a3ff-473d-a700-295f17735860",
            "d8cc1421-f441-46ef-999a-ad4808692893",
            "92e919dd-aada-4960-af7b-3b6afc971223",
            "e95fba27-021e-41ab-b883-492af135b7de",
            "cc5c6b17-dd95-4edd-8c26-fce6462e3b13",
            "1d0205bb-fbe5-467d-b3ad-d8d78d74c705"
          ],
          "failures": [],
          "pending": [],
          "skipped": [],
          "duration": 9179,
          "root": false,
          "rootEmpty": false,
          "_timeout": 2000
        }
      ],
      "passes": [],
      "failures": [],
      "pending": [],
      "skipped": [],
      "duration": 0,
      "root": true,
      "rootEmpty": true,
      "_timeout": 2000
    }
  ],
  "meta": {
    "mocha": {
      "version": "7.0.1"
    },
    "mochawesome": {
      "options": {
        "quiet": false,
        "reportFilename": "mochawesome",
        "saveHtml": true,
        "saveJson": true,
        "consoleReporter": "spec",
        "useInlineDiffs": false,
        "code": true
      },
      "version": "7.1.3"
    },
    "marge": {
      "options": {
        "reportDir": "cypress/results",
        "overwrite": false,
        "html": true,
        "json": true,
        "timestamp": "mmddyyyy_HHMMss"
      },
      "version": "6.2.0"
    }
  }
}