{
  "stats": {
    "suites": 1,
    "tests": 5,
    "passes": 5,
    "pending": 0,
    "failures": 0,
    "start": "2024-11-21T14:18:17.572Z",
    "end": "2024-11-21T14:18:35.952Z",
    "duration": 18380,
    "testsRegistered": 5,
    "passPercent": 100,
    "pendingPercent": 0,
    "other": 0,
    "hasOther": false,
    "skipped": 0,
    "hasSkipped": false
  },
  "results": [
    {
      "uuid": "57e50ab8-d3cd-4a70-96f3-530ec57f9e4c",
      "title": "",
      "fullFile": "cypress/e2e/G. fluxo_compra.cy.js",
      "file": "cypress/e2e/G. fluxo_compra.cy.js",
      "beforeHooks": [],
      "afterHooks": [],
      "tests": [],
      "suites": [
        {
          "uuid": "dffba1ec-e9f9-4b28-8b91-bd4868e378a7",
          "title": "Fluxo de Comprar um produto Completo",
          "fullFile": "",
          "file": "",
          "beforeHooks": [],
          "afterHooks": [],
          "tests": [
            {
              "title": "Adicionar produto no carrinho",
              "fullTitle": "Fluxo de Comprar um produto Completo Adicionar produto no carrinho",
              "timedOut": null,
              "duration": 11799,
              "state": "passed",
              "speed": "slow",
              "pass": true,
              "fail": false,
              "pending": false,
              "context": null,
              "code": "// Preenche o formulário de endereço\ncy.visit('http://localhost:3000/#/address/create');\ncy.preencherFormularioEndereco(endereco.country, endereco.name, endereco.phone, endereco.zip, endereco.fullAddress, endereco.state, endereco.city);\ncy.get('.mat-button-wrapper').contains('Submit').click();\ncy.wait(2000);\n// Pesquisa e adiciona o produto ao carrinho\ncy.visit('http://localhost:3000/#/search');\ncy.ColocandoProdutoCarrinho(productName);\ncy.get('button[aria-label=\"Show the shopping cart\"]').click();",
              "err": {},
              "uuid": "6e3546b3-5271-4cf3-89c7-4292e07ddcc3",
              "parentUUID": "dffba1ec-e9f9-4b28-8b91-bd4868e378a7",
              "isHook": false,
              "skipped": false
            },
            {
              "title": "Confirmar carrinho e prosseguir para o pagamento",
              "fullTitle": "Fluxo de Comprar um produto Completo Confirmar carrinho e prosseguir para o pagamento",
              "timedOut": null,
              "duration": 379,
              "state": "passed",
              "speed": "fast",
              "pass": true,
              "fail": false,
              "pending": false,
              "context": null,
              "code": "// Confirma o carrinho e vai para o pagamento\ncy.get('span.mat-button-wrapper:contains(\"Checkout\")').click();\ncy.get('mat-radio-button.mat-radio-button').first().click(); // Escolhe a primeira opção\ncy.get('button[aria-label=\"Proceed to payment selection\"]').click();",
              "err": {},
              "uuid": "9ceb195f-b788-4c7c-8888-428a9361d157",
              "parentUUID": "dffba1ec-e9f9-4b28-8b91-bd4868e378a7",
              "isHook": false,
              "skipped": false
            },
            {
              "title": "Confirmar forma de entrega",
              "fullTitle": "Fluxo de Comprar um produto Completo Confirmar forma de entrega",
              "timedOut": null,
              "duration": 385,
              "state": "passed",
              "speed": "fast",
              "pass": true,
              "fail": false,
              "pending": false,
              "context": null,
              "code": "// Confirma a forma de entrega\ncy.get('span.mat-radio-outer-circle').first().parents('mat-radio-button').click();\ncy.contains('span', 'Continue').click();",
              "err": {},
              "uuid": "7e280254-b7bc-470b-9532-0b0b0bce3f4f",
              "parentUUID": "dffba1ec-e9f9-4b28-8b91-bd4868e378a7",
              "isHook": false,
              "skipped": false
            },
            {
              "title": "Adicionar cartão de crédito",
              "fullTitle": "Fluxo de Comprar um produto Completo Adicionar cartão de crédito",
              "timedOut": null,
              "duration": 1922,
              "state": "passed",
              "speed": "fast",
              "pass": true,
              "fail": false,
              "pending": false,
              "context": null,
              "code": "// Escolhe a opção de pagamento com cartão\n// Adiciona um novo cartão de crédito\ncy.contains('mat-expansion-panel-header', 'Add new card').click();\ncy.get('#mat-input-10').type(creditCard.name);\ncy.get('#mat-input-11').type(creditCard.number);\ncy.get('#mat-input-12').select(creditCard.month);\ncy.get('#mat-input-13').select(creditCard.year);\ncy.contains('Submit').click();\ncy.get('.mat-radio-button.mat-accent').first().click();\n// Prossegue para o próximo passo\ncy.contains('span', 'Continue').click();",
              "err": {},
              "uuid": "bfef6a58-6165-4614-bcbc-db8131bc3928",
              "parentUUID": "dffba1ec-e9f9-4b28-8b91-bd4868e378a7",
              "isHook": false,
              "skipped": false
            },
            {
              "title": "Confirmar pagamento e finalizar compra",
              "fullTitle": "Fluxo de Comprar um produto Completo Confirmar pagamento e finalizar compra",
              "timedOut": null,
              "duration": 563,
              "state": "passed",
              "speed": "fast",
              "pass": true,
              "fail": false,
              "pending": false,
              "context": null,
              "code": "// Confirma o pagamento\ncy.contains('span', 'Place your order and pay').click();\ncy.contains('Thank you for your purchase!').should('be.visible');\ncy.get('span.fa-layers-counter').should('have.text', '0');",
              "err": {},
              "uuid": "590c2366-b45b-4fd1-8b66-d77bf9e4f6da",
              "parentUUID": "dffba1ec-e9f9-4b28-8b91-bd4868e378a7",
              "isHook": false,
              "skipped": false
            }
          ],
          "suites": [],
          "passes": [
            "6e3546b3-5271-4cf3-89c7-4292e07ddcc3",
            "9ceb195f-b788-4c7c-8888-428a9361d157",
            "7e280254-b7bc-470b-9532-0b0b0bce3f4f",
            "bfef6a58-6165-4614-bcbc-db8131bc3928",
            "590c2366-b45b-4fd1-8b66-d77bf9e4f6da"
          ],
          "failures": [],
          "pending": [],
          "skipped": [],
          "duration": 15048,
          "root": false,
          "rootEmpty": false,
          "_timeout": 2000
        }
      ],
      "passes": [],
      "failures": [],
      "pending": [],
      "skipped": [],
      "duration": 0,
      "root": true,
      "rootEmpty": true,
      "_timeout": 2000
    }
  ],
  "meta": {
    "mocha": {
      "version": "7.0.1"
    },
    "mochawesome": {
      "options": {
        "quiet": false,
        "reportFilename": "mochawesome",
        "saveHtml": true,
        "saveJson": true,
        "consoleReporter": "spec",
        "useInlineDiffs": false,
        "code": true
      },
      "version": "7.1.3"
    },
    "marge": {
      "options": {
        "reportDir": "cypress/results",
        "overwrite": false,
        "html": true,
        "json": true,
        "timestamp": "mmddyyyy_HHMMss"
      },
      "version": "6.2.0"
    }
  }
}