{
  "stats": {
    "suites": 1,
    "tests": 5,
    "passes": 5,
    "pending": 0,
    "failures": 0,
    "start": "2024-11-21T13:25:15.459Z",
    "end": "2024-11-21T13:25:25.335Z",
    "duration": 9876,
    "testsRegistered": 5,
    "passPercent": 100,
    "pendingPercent": 0,
    "other": 0,
    "hasOther": false,
    "skipped": 0,
    "hasSkipped": false
  },
  "results": [
    {
      "uuid": "57f426e4-28e9-4b50-b3e5-59c186292b49",
      "title": "",
      "fullFile": "cypress/e2e/A. cadastro.cy.js",
      "file": "cypress/e2e/A. cadastro.cy.js",
      "beforeHooks": [],
      "afterHooks": [],
      "tests": [],
      "suites": [
        {
          "uuid": "855d11e6-a74c-4363-8c38-7c17290f3196",
          "title": "Cadastro",
          "fullFile": "",
          "file": "",
          "beforeHooks": [],
          "afterHooks": [],
          "tests": [
            {
              "title": "Email invalido sem nada apos arroba",
              "fullTitle": "Cadastro Email invalido sem nada apos arroba",
              "timedOut": null,
              "duration": 4191,
              "state": "passed",
              "speed": "fast",
              "pass": true,
              "fail": false,
              "pending": false,
              "context": null,
              "code": "cy.DesativarCookies();\ncy.realizarCadastro('teste@');\ncy.contains('Email address is not valid.').should('be.visible');",
              "err": {},
              "uuid": "b8e55b4f-ab03-4eb1-a3b1-f3d3304214dd",
              "parentUUID": "855d11e6-a74c-4363-8c38-7c17290f3196",
              "isHook": false,
              "skipped": false
            },
            {
              "title": "Email invalido sem nada antes do arroba",
              "fullTitle": "Cadastro Email invalido sem nada antes do arroba",
              "timedOut": null,
              "duration": 532,
              "state": "passed",
              "speed": "fast",
              "pass": true,
              "fail": false,
              "pending": false,
              "context": null,
              "code": "cy.realizarCadastro('@gmail.com');\ncy.contains('Email address is not valid.').should('be.visible');",
              "err": {},
              "uuid": "cc0aa620-0648-4f7a-8020-10e6272e2777",
              "parentUUID": "855d11e6-a74c-4363-8c38-7c17290f3196",
              "isHook": false,
              "skipped": false
            },
            {
              "title": "Email invalido sem dominio",
              "fullTitle": "Cadastro Email invalido sem dominio",
              "timedOut": null,
              "duration": 596,
              "state": "passed",
              "speed": "fast",
              "pass": true,
              "fail": false,
              "pending": false,
              "context": null,
              "code": "cy.realizarCadastro('leo@gmail.');\ncy.contains('Email address is not valid.').should('be.visible');",
              "err": {},
              "uuid": "e263d56e-b04c-449e-9f7e-142fa6d595a4",
              "parentUUID": "855d11e6-a74c-4363-8c38-7c17290f3196",
              "isHook": false,
              "skipped": false
            },
            {
              "title": "Senha invalida com 3 caracteres",
              "fullTitle": "Cadastro Senha invalida com 3 caracteres",
              "timedOut": null,
              "duration": 424,
              "state": "passed",
              "speed": "fast",
              "pass": true,
              "fail": false,
              "pending": false,
              "context": null,
              "code": "cy.realizarCadastro(undefined, '123');\ncy.contains('Password must be 5-40 characters long').should('be.visible');",
              "err": {},
              "uuid": "66faed44-b3d3-4568-8401-21863822e6ee",
              "parentUUID": "855d11e6-a74c-4363-8c38-7c17290f3196",
              "isHook": false,
              "skipped": false
            },
            {
              "title": "Senha invalida com 41 caracteres",
              "fullTitle": "Cadastro Senha invalida com 41 caracteres",
              "timedOut": null,
              "duration": 1181,
              "state": "passed",
              "speed": "fast",
              "pass": true,
              "fail": false,
              "pending": false,
              "context": null,
              "code": "cy.realizarCadastro(undefined, '01234567890123456789012345678901234567890123456789');\ncy.contains('Password must be 5-40 characters long').should('be.visible');",
              "err": {},
              "uuid": "fffaf878-477c-49a1-99ab-90c6296c644c",
              "parentUUID": "855d11e6-a74c-4363-8c38-7c17290f3196",
              "isHook": false,
              "skipped": false
            }
          ],
          "suites": [],
          "passes": [
            "b8e55b4f-ab03-4eb1-a3b1-f3d3304214dd",
            "cc0aa620-0648-4f7a-8020-10e6272e2777",
            "e263d56e-b04c-449e-9f7e-142fa6d595a4",
            "66faed44-b3d3-4568-8401-21863822e6ee",
            "fffaf878-477c-49a1-99ab-90c6296c644c"
          ],
          "failures": [],
          "pending": [],
          "skipped": [],
          "duration": 6924,
          "root": false,
          "rootEmpty": false,
          "_timeout": 2000
        }
      ],
      "passes": [],
      "failures": [],
      "pending": [],
      "skipped": [],
      "duration": 0,
      "root": true,
      "rootEmpty": true,
      "_timeout": 2000
    }
  ],
  "meta": {
    "mocha": {
      "version": "7.0.1"
    },
    "mochawesome": {
      "options": {
        "quiet": false,
        "reportFilename": "mochawesome",
        "saveHtml": true,
        "saveJson": true,
        "consoleReporter": "spec",
        "useInlineDiffs": false,
        "code": true
      },
      "version": "7.1.3"
    },
    "marge": {
      "options": {
        "reportDir": "cypress/results",
        "overwrite": false,
        "html": true,
        "json": true,
        "timestamp": "mmddyyyy_HHMMss"
      },
      "version": "6.2.0"
    }
  }
}