{
  "stats": {
    "suites": 1,
    "tests": 1,
    "passes": 1,
    "pending": 0,
    "failures": 0,
    "start": "2024-11-21T13:26:17.315Z",
    "end": "2024-11-21T13:26:28.888Z",
    "duration": 11573,
    "testsRegistered": 1,
    "passPercent": 100,
    "pendingPercent": 0,
    "other": 0,
    "hasOther": false,
    "skipped": 0,
    "hasSkipped": false
  },
  "results": [
    {
      "uuid": "2f2aeff1-4a30-483a-90a2-cb682beaa7db",
      "title": "",
      "fullFile": "cypress/e2e/E. photo_wall.cy.js",
      "file": "cypress/e2e/E. photo_wall.cy.js",
      "beforeHooks": [],
      "afterHooks": [],
      "tests": [],
      "suites": [
        {
          "uuid": "b9c64a2f-ace3-4062-97a0-d1038386cbe9",
          "title": "Photo Wall",
          "fullFile": "",
          "file": "",
          "beforeHooks": [],
          "afterHooks": [],
          "tests": [
            {
              "title": "Deve adicionar uma imagem ao Photo Wall após o upload",
              "fullTitle": "Photo Wall Deve adicionar uma imagem ao Photo Wall após o upload",
              "timedOut": null,
              "duration": 8463,
              "state": "passed",
              "speed": "medium",
              "pass": true,
              "fail": false,
              "pending": false,
              "context": null,
              "code": "cy.visit('http://localhost:3000/#/photo-wall');\nconst selector = 'span.container.mat-elevation-z6.ng-star-inserted';\ncy.contaElementosPhotoWall(selector).then(initialCount => {\n  cy.log(`Quantidade inicial de elementos: ${initialCount}`);\n  cy.uploadVerificaNumeriElementosPhotoWall('CapturaDeTela.png', selector, initialCount + 1).then(() => {\n    cy.contaElementosPhotoWall(selector).then(newCount => {\n      cy.log(`Quantidade após o primeiro upload: ${newCount}`);\n    });\n  });\n});",
              "err": {},
              "uuid": "5a5579ef-f16c-4224-8f8f-4e5dddcba263",
              "parentUUID": "b9c64a2f-ace3-4062-97a0-d1038386cbe9",
              "isHook": false,
              "skipped": false
            }
          ],
          "suites": [],
          "passes": [
            "5a5579ef-f16c-4224-8f8f-4e5dddcba263"
          ],
          "failures": [],
          "pending": [],
          "skipped": [],
          "duration": 8463,
          "root": false,
          "rootEmpty": false,
          "_timeout": 2000
        }
      ],
      "passes": [],
      "failures": [],
      "pending": [],
      "skipped": [],
      "duration": 0,
      "root": true,
      "rootEmpty": true,
      "_timeout": 2000
    }
  ],
  "meta": {
    "mocha": {
      "version": "7.0.1"
    },
    "mochawesome": {
      "options": {
        "quiet": false,
        "reportFilename": "mochawesome",
        "saveHtml": true,
        "saveJson": true,
        "consoleReporter": "spec",
        "useInlineDiffs": false,
        "code": true
      },
      "version": "7.1.3"
    },
    "marge": {
      "options": {
        "reportDir": "cypress/results",
        "overwrite": false,
        "html": true,
        "json": true,
        "timestamp": "mmddyyyy_HHMMss"
      },
      "version": "6.2.0"
    }
  }
}