{
  "stats": {
    "suites": 1,
    "tests": 6,
    "passes": 6,
    "pending": 0,
    "failures": 0,
    "start": "2024-11-21T14:16:46.124Z",
    "end": "2024-11-21T14:16:58.469Z",
    "duration": 12345,
    "testsRegistered": 6,
    "passPercent": 100,
    "pendingPercent": 0,
    "other": 0,
    "hasOther": false,
    "skipped": 0,
    "hasSkipped": false
  },
  "results": [
    {
      "uuid": "22e87daf-bd90-4399-ba67-1719a5ecd871",
      "title": "",
      "fullFile": "cypress/e2e/A. cadastro.cy.js",
      "file": "cypress/e2e/A. cadastro.cy.js",
      "beforeHooks": [],
      "afterHooks": [],
      "tests": [],
      "suites": [
        {
          "uuid": "58de396e-9ed0-41d0-a3c8-1594d25f71bb",
          "title": "Cadastro",
          "fullFile": "",
          "file": "",
          "beforeHooks": [],
          "afterHooks": [],
          "tests": [
            {
              "title": "Email invalido sem nada apos arroba",
              "fullTitle": "Cadastro Email invalido sem nada apos arroba",
              "timedOut": null,
              "duration": 4072,
              "state": "passed",
              "speed": "fast",
              "pass": true,
              "fail": false,
              "pending": false,
              "context": null,
              "code": "cy.DesativarCookies();\ncy.realizarCadastro('teste@');\ncy.contains('Email address is not valid.').should('be.visible');",
              "err": {},
              "uuid": "9a7d09dc-824a-470a-a4a2-99c9057866d5",
              "parentUUID": "58de396e-9ed0-41d0-a3c8-1594d25f71bb",
              "isHook": false,
              "skipped": false
            },
            {
              "title": "Email invalido sem nada antes do arroba",
              "fullTitle": "Cadastro Email invalido sem nada antes do arroba",
              "timedOut": null,
              "duration": 544,
              "state": "passed",
              "speed": "fast",
              "pass": true,
              "fail": false,
              "pending": false,
              "context": null,
              "code": "cy.realizarCadastro('@gmail.com');\ncy.contains('Email address is not valid.').should('be.visible');",
              "err": {},
              "uuid": "c0cf7e05-c87a-4489-9875-f98fa5753aa1",
              "parentUUID": "58de396e-9ed0-41d0-a3c8-1594d25f71bb",
              "isHook": false,
              "skipped": false
            },
            {
              "title": "Email invalido sem dominio",
              "fullTitle": "Cadastro Email invalido sem dominio",
              "timedOut": null,
              "duration": 541,
              "state": "passed",
              "speed": "fast",
              "pass": true,
              "fail": false,
              "pending": false,
              "context": null,
              "code": "cy.realizarCadastro('leo@gmail.');\ncy.contains('Email address is not valid.').should('be.visible');",
              "err": {},
              "uuid": "f7ee0df1-8760-466b-9863-7da84881d1a6",
              "parentUUID": "58de396e-9ed0-41d0-a3c8-1594d25f71bb",
              "isHook": false,
              "skipped": false
            },
            {
              "title": "Senha invalida com 3 caracteres",
              "fullTitle": "Cadastro Senha invalida com 3 caracteres",
              "timedOut": null,
              "duration": 431,
              "state": "passed",
              "speed": "fast",
              "pass": true,
              "fail": false,
              "pending": false,
              "context": null,
              "code": "cy.realizarCadastro(undefined, '123');\ncy.contains('Password must be 5-40 characters long').should('be.visible');",
              "err": {},
              "uuid": "90f3249d-6d94-40fc-9d59-e1f96c612c8f",
              "parentUUID": "58de396e-9ed0-41d0-a3c8-1594d25f71bb",
              "isHook": false,
              "skipped": false
            },
            {
              "title": "Senha invalida com 41 caracteres",
              "fullTitle": "Cadastro Senha invalida com 41 caracteres",
              "timedOut": null,
              "duration": 1139,
              "state": "passed",
              "speed": "fast",
              "pass": true,
              "fail": false,
              "pending": false,
              "context": null,
              "code": "cy.realizarCadastro(undefined, '01234567890123456789012345678901234567890123456789');\ncy.contains('Password must be 5-40 characters long').should('be.visible');",
              "err": {},
              "uuid": "5d69a843-f250-480b-b5ad-93d85a37987a",
              "parentUUID": "58de396e-9ed0-41d0-a3c8-1594d25f71bb",
              "isHook": false,
              "skipped": false
            },
            {
              "title": "Cadastro Valido",
              "fullTitle": "Cadastro Cadastro Valido",
              "timedOut": null,
              "duration": 2529,
              "state": "passed",
              "speed": "fast",
              "pass": true,
              "fail": false,
              "pending": false,
              "context": null,
              "code": "cy.get('#emailControl').clear().type('palico8386@operades.com');\ncy.get('#passwordControl').clear().type(124578);\ncy.get('#repeatPasswordControl').clear().type(124578);\ncy.get('#mat-select-value-1').click();\ncy.contains('span.mat-option-text', 'Your eldest siblings middle name?').click();\ncy.get('#securityAnswerControl').type('isa');\ncy.contains('span.mat-button-wrapper', 'Register').should('be.visible').click();\ncy.contains('span.mat-simple-snack-bar-content', 'Registration completed successfully. You can now log in.').should('be.visible');",
              "err": {},
              "uuid": "22aef555-4826-49f7-bb24-52c0417dfc7f",
              "parentUUID": "58de396e-9ed0-41d0-a3c8-1594d25f71bb",
              "isHook": false,
              "skipped": false
            }
          ],
          "suites": [],
          "passes": [
            "9a7d09dc-824a-470a-a4a2-99c9057866d5",
            "c0cf7e05-c87a-4489-9875-f98fa5753aa1",
            "f7ee0df1-8760-466b-9863-7da84881d1a6",
            "90f3249d-6d94-40fc-9d59-e1f96c612c8f",
            "5d69a843-f250-480b-b5ad-93d85a37987a",
            "22aef555-4826-49f7-bb24-52c0417dfc7f"
          ],
          "failures": [],
          "pending": [],
          "skipped": [],
          "duration": 9256,
          "root": false,
          "rootEmpty": false,
          "_timeout": 2000
        }
      ],
      "passes": [],
      "failures": [],
      "pending": [],
      "skipped": [],
      "duration": 0,
      "root": true,
      "rootEmpty": true,
      "_timeout": 2000
    }
  ],
  "meta": {
    "mocha": {
      "version": "7.0.1"
    },
    "mochawesome": {
      "options": {
        "quiet": false,
        "reportFilename": "mochawesome",
        "saveHtml": true,
        "saveJson": true,
        "consoleReporter": "spec",
        "useInlineDiffs": false,
        "code": true
      },
      "version": "7.1.3"
    },
    "marge": {
      "options": {
        "reportDir": "cypress/results",
        "overwrite": false,
        "html": true,
        "json": true,
        "timestamp": "mmddyyyy_HHMMss"
      },
      "version": "6.2.0"
    }
  }
}