{
  "stats": {
    "suites": 1,
    "tests": 9,
    "passes": 9,
    "pending": 0,
    "failures": 0,
    "start": "2024-11-21T14:17:31.022Z",
    "end": "2024-11-21T14:17:44.003Z",
    "duration": 12981,
    "testsRegistered": 9,
    "passPercent": 100,
    "pendingPercent": 0,
    "other": 0,
    "hasOther": false,
    "skipped": 0,
    "hasSkipped": false
  },
  "results": [
    {
      "uuid": "f1a21ecb-ba03-4ad4-a5c1-55148ab11676",
      "title": "",
      "fullFile": "cypress/e2e/D. menu.cy.js",
      "file": "cypress/e2e/D. menu.cy.js",
      "beforeHooks": [],
      "afterHooks": [],
      "tests": [],
      "suites": [
        {
          "uuid": "2b48637b-f8eb-44c1-afe1-e74d55b18f58",
          "title": "Menu",
          "fullFile": "",
          "file": "",
          "beforeHooks": [],
          "afterHooks": [],
          "tests": [
            {
              "title": "Abrir Menu",
              "fullTitle": "Menu Abrir Menu",
              "timedOut": null,
              "duration": 4398,
              "state": "passed",
              "speed": "fast",
              "pass": true,
              "fail": false,
              "pending": false,
              "context": null,
              "code": "cy.verificarElementoMenu('menu');",
              "err": {},
              "uuid": "1a4d397c-91d6-4279-94bd-6440e6e89959",
              "parentUUID": "2b48637b-f8eb-44c1-afe1-e74d55b18f58",
              "isHook": false,
              "skipped": false
            },
            {
              "title": "Verificar \"Contact\"",
              "fullTitle": "Menu Verificar \"Contact\"",
              "timedOut": null,
              "duration": 130,
              "state": "passed",
              "speed": "fast",
              "pass": true,
              "fail": false,
              "pending": false,
              "context": null,
              "code": "cy.verificarElementoMenu('Contact');",
              "err": {},
              "uuid": "5e28d2e4-d301-46df-84c9-fcc967b20861",
              "parentUUID": "2b48637b-f8eb-44c1-afe1-e74d55b18f58",
              "isHook": false,
              "skipped": false
            },
            {
              "title": "Verificar \"Company\"",
              "fullTitle": "Menu Verificar \"Company\"",
              "timedOut": null,
              "duration": 39,
              "state": "passed",
              "speed": "fast",
              "pass": true,
              "fail": false,
              "pending": false,
              "context": null,
              "code": "cy.verificarElementoMenu('Company');",
              "err": {},
              "uuid": "67e166e6-ffab-4e40-9e26-72933c31ee58",
              "parentUUID": "2b48637b-f8eb-44c1-afe1-e74d55b18f58",
              "isHook": false,
              "skipped": false
            },
            {
              "title": "Verificar \"Customer Feedback\"",
              "fullTitle": "Menu Verificar \"Customer Feedback\"",
              "timedOut": null,
              "duration": 353,
              "state": "passed",
              "speed": "fast",
              "pass": true,
              "fail": false,
              "pending": false,
              "context": null,
              "code": "cy.verificarElementoMenu('Customer Feedback');",
              "err": {},
              "uuid": "b313a8b9-f8d1-47c0-a506-44452b9bde24",
              "parentUUID": "2b48637b-f8eb-44c1-afe1-e74d55b18f58",
              "isHook": false,
              "skipped": false
            },
            {
              "title": "Verificar \"Complaint\"",
              "fullTitle": "Menu Verificar \"Complaint\"",
              "timedOut": null,
              "duration": 678,
              "state": "passed",
              "speed": "fast",
              "pass": true,
              "fail": false,
              "pending": false,
              "context": null,
              "code": "cy.verificarElementoMenu('menu');\ncy.verificarElementoMenu('Complaint');",
              "err": {},
              "uuid": "f1a70e36-e797-43f0-8827-19db762a5b05",
              "parentUUID": "2b48637b-f8eb-44c1-afe1-e74d55b18f58",
              "isHook": false,
              "skipped": false
            },
            {
              "title": "Verificar \"Support Chat\"",
              "fullTitle": "Menu Verificar \"Support Chat\"",
              "timedOut": null,
              "duration": 716,
              "state": "passed",
              "speed": "fast",
              "pass": true,
              "fail": false,
              "pending": false,
              "context": null,
              "code": "cy.verificarElementoMenu('menu');\ncy.verificarElementoMenu('Support Chat');",
              "err": {},
              "uuid": "f115a833-6701-41b9-8e41-df0949b1bd86",
              "parentUUID": "2b48637b-f8eb-44c1-afe1-e74d55b18f58",
              "isHook": false,
              "skipped": false
            },
            {
              "title": "Verificar \"About Us\"",
              "fullTitle": "Menu Verificar \"About Us\"",
              "timedOut": null,
              "duration": 631,
              "state": "passed",
              "speed": "fast",
              "pass": true,
              "fail": false,
              "pending": false,
              "context": null,
              "code": "cy.verificarElementoMenu('menu');\ncy.verificarElementoMenu('About Us');",
              "err": {},
              "uuid": "cddca776-acf2-4a4d-87e4-b7d241ade944",
              "parentUUID": "2b48637b-f8eb-44c1-afe1-e74d55b18f58",
              "isHook": false,
              "skipped": false
            },
            {
              "title": "Verificar \"Photo Wall\"",
              "fullTitle": "Menu Verificar \"Photo Wall\"",
              "timedOut": null,
              "duration": 926,
              "state": "passed",
              "speed": "fast",
              "pass": true,
              "fail": false,
              "pending": false,
              "context": null,
              "code": "cy.verificarElementoMenu('menu');\ncy.verificarElementoMenu('Photo Wall');",
              "err": {},
              "uuid": "0b2f34c6-4b6c-4ebc-8a28-54aa70aeb5a4",
              "parentUUID": "2b48637b-f8eb-44c1-afe1-e74d55b18f58",
              "isHook": false,
              "skipped": false
            },
            {
              "title": "Verificar \"Deluxe Membership\"",
              "fullTitle": "Menu Verificar \"Deluxe Membership\"",
              "timedOut": null,
              "duration": 1061,
              "state": "passed",
              "speed": "fast",
              "pass": true,
              "fail": false,
              "pending": false,
              "context": null,
              "code": "cy.verificarElementoMenu('menu');\ncy.verificarElementoMenu('Deluxe Membership');",
              "err": {},
              "uuid": "2b79ac87-61c7-4887-bbf2-d7d9bb078052",
              "parentUUID": "2b48637b-f8eb-44c1-afe1-e74d55b18f58",
              "isHook": false,
              "skipped": false
            }
          ],
          "suites": [],
          "passes": [
            "1a4d397c-91d6-4279-94bd-6440e6e89959",
            "5e28d2e4-d301-46df-84c9-fcc967b20861",
            "67e166e6-ffab-4e40-9e26-72933c31ee58",
            "b313a8b9-f8d1-47c0-a506-44452b9bde24",
            "f1a70e36-e797-43f0-8827-19db762a5b05",
            "f115a833-6701-41b9-8e41-df0949b1bd86",
            "cddca776-acf2-4a4d-87e4-b7d241ade944",
            "0b2f34c6-4b6c-4ebc-8a28-54aa70aeb5a4",
            "2b79ac87-61c7-4887-bbf2-d7d9bb078052"
          ],
          "failures": [],
          "pending": [],
          "skipped": [],
          "duration": 8932,
          "root": false,
          "rootEmpty": false,
          "_timeout": 2000
        }
      ],
      "passes": [],
      "failures": [],
      "pending": [],
      "skipped": [],
      "duration": 0,
      "root": true,
      "rootEmpty": true,
      "_timeout": 2000
    }
  ],
  "meta": {
    "mocha": {
      "version": "7.0.1"
    },
    "mochawesome": {
      "options": {
        "quiet": false,
        "reportFilename": "mochawesome",
        "saveHtml": true,
        "saveJson": true,
        "consoleReporter": "spec",
        "useInlineDiffs": false,
        "code": true
      },
      "version": "7.1.3"
    },
    "marge": {
      "options": {
        "reportDir": "cypress/results",
        "overwrite": false,
        "html": true,
        "json": true,
        "timestamp": "mmddyyyy_HHMMss"
      },
      "version": "6.2.0"
    }
  }
}