{
  "stats": {
    "suites": 1,
    "tests": 2,
    "passes": 2,
    "pending": 0,
    "failures": 0,
    "start": "2024-11-21T13:25:30.468Z",
    "end": "2024-11-21T13:25:39.565Z",
    "duration": 9097,
    "testsRegistered": 2,
    "passPercent": 100,
    "pendingPercent": 0,
    "other": 0,
    "hasOther": false,
    "skipped": 0,
    "hasSkipped": false
  },
  "results": [
    {
      "uuid": "42c2cc96-f127-4fbe-8942-06714dea0c05",
      "title": "",
      "fullFile": "cypress/e2e/B. login.cy.js",
      "file": "cypress/e2e/B. login.cy.js",
      "beforeHooks": [],
      "afterHooks": [],
      "tests": [],
      "suites": [
        {
          "uuid": "3bd1b8b8-404a-403b-b306-65df488d43e6",
          "title": "Login",
          "fullFile": "",
          "file": "",
          "beforeHooks": [],
          "afterHooks": [],
          "tests": [
            {
              "title": "Login Valido",
              "fullTitle": "Login Login Valido",
              "timedOut": null,
              "duration": 4413,
              "state": "passed",
              "speed": "fast",
              "pass": true,
              "fail": false,
              "pending": false,
              "context": null,
              "code": "cy.visit('http://localhost:3000/#/login');\ncy.DesativarCookies();\ncy.realizarLogin('palico8386@operades.com', '124578');\ncy.contains('div', 'All Products').should('be.visible');",
              "err": {},
              "uuid": "9498de86-332a-43f8-9a19-17a5bbc7a17c",
              "parentUUID": "3bd1b8b8-404a-403b-b306-65df488d43e6",
              "isHook": false,
              "skipped": false
            },
            {
              "title": "Login Invalido",
              "fullTitle": "Login Login Invalido",
              "timedOut": null,
              "duration": 1194,
              "state": "passed",
              "speed": "fast",
              "pass": true,
              "fail": false,
              "pending": false,
              "context": null,
              "code": "cy.visit('http://localhost:3000/#/login');\ncy.realizarLogin('erro@inikale.com', '1836224481');\ncy.get('.error.ng-star-inserted').should('contain.text', 'Invalid email or password.');",
              "err": {},
              "uuid": "4c464822-737e-4a85-8808-d3cbb2cdc430",
              "parentUUID": "3bd1b8b8-404a-403b-b306-65df488d43e6",
              "isHook": false,
              "skipped": false
            }
          ],
          "suites": [],
          "passes": [
            "9498de86-332a-43f8-9a19-17a5bbc7a17c",
            "4c464822-737e-4a85-8808-d3cbb2cdc430"
          ],
          "failures": [],
          "pending": [],
          "skipped": [],
          "duration": 5607,
          "root": false,
          "rootEmpty": false,
          "_timeout": 2000
        }
      ],
      "passes": [],
      "failures": [],
      "pending": [],
      "skipped": [],
      "duration": 0,
      "root": true,
      "rootEmpty": true,
      "_timeout": 2000
    }
  ],
  "meta": {
    "mocha": {
      "version": "7.0.1"
    },
    "mochawesome": {
      "options": {
        "quiet": false,
        "reportFilename": "mochawesome",
        "saveHtml": true,
        "saveJson": true,
        "consoleReporter": "spec",
        "useInlineDiffs": false,
        "code": true
      },
      "version": "7.1.3"
    },
    "marge": {
      "options": {
        "reportDir": "cypress/results",
        "overwrite": false,
        "html": true,
        "json": true,
        "timestamp": "mmddyyyy_HHMMss"
      },
      "version": "6.2.0"
    }
  }
}